> X = [[0,0],[0,1],[1,0],[1,1]]
> y = [0, 0, 0, 1]
> w = zeros([2])
> b = 0
> lr = 1.0
> n = 4
> repeat 400 {
> z = matmul(X, reshape(w, [2, 1])) + b;
> pred = sigmoid(z);
> dz = pred - reshape(y, [4, 1]);
> dw = reshape(matmul(transpose(X), dz), [2]) / n;
> db = mean(dz);
> w = w - lr * dw;
> b = b - lr * db
> }
> ss = iota(20) / 10
> WS = matmul(reshape(ss, [20, 1]), reshape(w, [1, 2]))
> zs = matmul(WS, transpose(X)) + matmul(reshape(ss * b, [20, 1]), ones([1, 4]))
> ps = sigmoid(zs)
> ys4 = matmul(ones([20, 1]), reshape(y, [1, 4]))
> losses = reduce_add((ps - ys4) * (ps - ys4), 1) / 4
> loss_curve(losses)
> pred_final = sigmoid(matmul(X, reshape(w, [2, 1])) + b)
> predicted = reshape(gt(pred_final, 0.5), [4])
> confusion_matrix(predicted, y)
> gx = grid([0, 1, 0, 1], 20)
> gz = matmul(gx, reshape(w, [2, 1])) + b
> gp = sigmoid(reshape(gz, [400]))
> boundary_2d(gp, [20, 20], X, y)
[svg: 31620 bytes -- pass --svg-out <dir> to save]
