> D  = blobs(11, 30, [[0, 0], [4, 4], [-4, 4]])
> X  = matmul(D, [[1,0],[0,1],[0,0]])
> tl = reshape(matmul(D, [[0],[0],[1]]), [90])
> Y  = one_hot(tl, 3)
> O90 = ones([90, 1])
> W  = param[2, 3]
> b  = param[1, 3]
> lr = 0.2
> repeat 300 {
> W = W - lr * grad(0 - sum(Y * log(softmax(matmul(X, W) + matmul(O90, b)))) / 90, W);
> b = b - lr * grad(0 - sum(Y * log(softmax(matmul(X, W) + matmul(O90, b)))) / 90, b)
> }
> logits = matmul(X, W) + matmul(O90, b)
> P      = softmax(logits, 1)
> pred   = argmax(P, 1)
> accuracy = mean(eq(pred, tl))
> accuracy
> confusion_matrix(pred, tl)
> G    = grid([-6, 6, -3, 6], 30)
> O900 = ones([900, 1])
> gl   = matmul(G, W) + matmul(O900, b)
> gP   = softmax(gl, 1)
> p0   = reshape(matmul(gP, [[1],[0],[0]]), [900])
> boundary_2d(p0, [30, 30], X, tl)
[svg: 76942 bytes -- pass --svg-out <dir> to save]
